<?xml version="1.0" encoding="UTF-8"?>
<testsuite name="com.mysite.sbb.SbbApplicationTests" tests="1" skipped="0" failures="0" errors="0" timestamp="2024-08-07T11:17:21" hostname="DESKTOP-29E8N63" time="4.139">
  <properties/>
  <testcase name="testJpa()" classname="com.mysite.sbb.SbbApplicationTests" time="4.139"/>
  <system-out><![CDATA[20:16:53.917 [Test worker] INFO org.springframework.test.context.support.AnnotationConfigContextLoaderUtils -- Could not detect default configuration classes for test class [com.mysite.sbb.SbbApplicationTests]: SbbApplicationTests does not declare any static, non-private, non-final, nested classes annotated with @Configuration.
20:16:54.595 [Test worker] INFO org.springframework.boot.test.context.SpringBootTestContextBootstrapper -- Found @SpringBootConfiguration com.mysite.sbb.SbbApplication for test class com.mysite.sbb.SbbApplicationTests

  .   ____          _            __ _ _
 /\\ / ___'_ __ _ _(_)_ __  __ _ \ \ \ \
( ( )\___ | '_ | '_| | '_ \/ _` | \ \ \ \
 \\/  ___)| |_)| | | | | || (_| |  ) ) ) )
  '  |____| .__|_| |_|_| |_\__, | / / / /
 =========|_|==============|___/=/_/_/_/

 :: Spring Boot ::                (v3.3.2)

2024-08-07T20:16:56.773+09:00  INFO 3160 --- [sbb] [    Test worker] com.mysite.sbb.SbbApplicationTests       : Starting SbbApplicationTests using Java 17.0.10 with PID 3160 (started by HSK_DunDunRST in R:\Web_Project\IntelliJ Workspace\sbb)
2024-08-07T20:16:56.777+09:00  INFO 3160 --- [sbb] [    Test worker] com.mysite.sbb.SbbApplicationTests       : No active profile set, falling back to 1 default profile: "default"
2024-08-07T20:17:01.321+09:00  INFO 3160 --- [sbb] [    Test worker] .s.d.r.c.RepositoryConfigurationDelegate : Bootstrapping Spring Data JPA repositories in DEFAULT mode.
2024-08-07T20:17:01.574+09:00  INFO 3160 --- [sbb] [    Test worker] .s.d.r.c.RepositoryConfigurationDelegate : Finished Spring Data repository scanning in 209 ms. Found 3 JPA repository interfaces.
2024-08-07T20:17:03.634+09:00  INFO 3160 --- [sbb] [    Test worker] o.hibernate.jpa.internal.util.LogHelper  : HHH000204: Processing PersistenceUnitInfo [name: default]
2024-08-07T20:17:04.061+09:00  INFO 3160 --- [sbb] [    Test worker] org.hibernate.Version                    : HHH000412: Hibernate ORM core version 6.5.2.Final
2024-08-07T20:17:04.268+09:00  INFO 3160 --- [sbb] [    Test worker] o.h.c.internal.RegionFactoryInitiator    : HHH000026: Second-level cache disabled
2024-08-07T20:17:06.192+09:00  INFO 3160 --- [sbb] [    Test worker] o.s.o.j.p.SpringPersistenceUnitInfo      : No LoadTimeWeaver setup: ignoring JPA class transformer
2024-08-07T20:17:06.359+09:00  INFO 3160 --- [sbb] [    Test worker] com.zaxxer.hikari.HikariDataSource       : HikariPool-1 - Starting...
2024-08-07T20:17:07.646+09:00  INFO 3160 --- [sbb] [    Test worker] com.zaxxer.hikari.pool.HikariPool        : HikariPool-1 - Added connection conn0: url=jdbc:h2:~/local user=SA
2024-08-07T20:17:07.657+09:00  INFO 3160 --- [sbb] [    Test worker] com.zaxxer.hikari.HikariDataSource       : HikariPool-1 - Start completed.
2024-08-07T20:17:07.822+09:00  WARN 3160 --- [sbb] [    Test worker] org.hibernate.orm.deprecation            : HHH90000025: H2Dialect does not need to be specified explicitly using 'hibernate.dialect' (remove the property setting and it will be selected by default)
2024-08-07T20:17:13.757+09:00  INFO 3160 --- [sbb] [    Test worker] o.h.e.t.j.p.i.JtaPlatformInitiator       : HHH000489: No JTA platform available (set 'hibernate.transaction.jta.platform' to enable JTA platform integration)
Hibernate: alter table if exists answer alter column content set data type TEXT
Hibernate: alter table if exists question alter column content set data type TEXT
2024-08-07T20:17:14.394+09:00  INFO 3160 --- [sbb] [    Test worker] j.LocalContainerEntityManagerFactoryBean : Initialized JPA EntityManagerFactory for persistence unit 'default'
2024-08-07T20:17:17.185+09:00  WARN 3160 --- [sbb] [    Test worker] JpaBaseConfiguration$JpaWebConfiguration : spring.jpa.open-in-view is enabled by default. Therefore, database queries may be performed during view rendering. Explicitly configure spring.jpa.open-in-view to disable this warning
2024-08-07T20:17:17.317+09:00  INFO 3160 --- [sbb] [    Test worker] r$InitializeUserDetailsManagerConfigurer : Global AuthenticationManager configured with UserDetailsService bean with name userSecurityService
2024-08-07T20:17:21.393+09:00  INFO 3160 --- [sbb] [    Test worker] o.s.b.a.h2.H2ConsoleAutoConfiguration    : H2 console available at '/h2-console'. Database available at 'jdbc:h2:~/local'
2024-08-07T20:17:21.631+09:00  INFO 3160 --- [sbb] [    Test worker] com.mysite.sbb.SbbApplicationTests       : Started SbbApplicationTests in 26.172 seconds (process running for 32.296)
Hibernate: insert into question (author_id,content,create_date,subject,id) values (?,?,?,?,default)
Hibernate: insert into question (author_id,content,create_date,subject,id) values (?,?,?,?,default)
Hibernate: insert into question (author_id,content,create_date,subject,id) values (?,?,?,?,default)
Hibernate: insert into question (author_id,content,create_date,subject,id) values (?,?,?,?,default)
Hibernate: insert into question (author_id,content,create_date,subject,id) values (?,?,?,?,default)
Hibernate: insert into question (author_id,content,create_date,subject,id) values (?,?,?,?,default)
Hibernate: insert into question (author_id,content,create_date,subject,id) values (?,?,?,?,default)
Hibernate: insert into question (author_id,content,create_date,subject,id) values (?,?,?,?,default)
Hibernate: insert into question (author_id,content,create_date,subject,id) values (?,?,?,?,default)
Hibernate: insert into question (author_id,content,create_date,subject,id) values (?,?,?,?,default)
Hibernate: insert into question (author_id,content,create_date,subject,id) values (?,?,?,?,default)
Hibernate: insert into question (author_id,content,create_date,subject,id) values (?,?,?,?,default)
Hibernate: insert into question (author_id,content,create_date,subject,id) values (?,?,?,?,default)
Hibernate: insert into question (author_id,content,create_date,subject,id) values (?,?,?,?,default)
Hibernate: insert into question (author_id,content,create_date,subject,id) values (?,?,?,?,default)
Hibernate: insert into question (author_id,content,create_date,subject,id) values (?,?,?,?,default)
Hibernate: insert into question (author_id,content,create_date,subject,id) values (?,?,?,?,default)
Hibernate: insert into question (author_id,content,create_date,subject,id) values (?,?,?,?,default)
Hibernate: insert into question (author_id,content,create_date,subject,id) values (?,?,?,?,default)
Hibernate: insert into question (author_id,content,create_date,subject,id) values (?,?,?,?,default)
Hibernate: insert into question (author_id,content,create_date,subject,id) values (?,?,?,?,default)
Hibernate: insert into question (author_id,content,create_date,subject,id) values (?,?,?,?,default)
Hibernate: insert into question (author_id,content,create_date,subject,id) values (?,?,?,?,default)
Hibernate: insert into question (author_id,content,create_date,subject,id) values (?,?,?,?,default)
Hibernate: insert into question (author_id,content,create_date,subject,id) values (?,?,?,?,default)
Hibernate: insert into question (author_id,content,create_date,subject,id) values (?,?,?,?,default)
Hibernate: insert into question (author_id,content,create_date,subject,id) values (?,?,?,?,default)
Hibernate: insert into question (author_id,content,create_date,subject,id) values (?,?,?,?,default)
Hibernate: insert into question (author_id,content,create_date,subject,id) values (?,?,?,?,default)
Hibernate: insert into question (author_id,content,create_date,subject,id) values (?,?,?,?,default)
Hibernate: insert into question (author_id,content,create_date,subject,id) values (?,?,?,?,default)
Hibernate: insert into question (author_id,content,create_date,subject,id) values (?,?,?,?,default)
Hibernate: insert into question (author_id,content,create_date,subject,id) values (?,?,?,?,default)
Hibernate: insert into question (author_id,content,create_date,subject,id) values (?,?,?,?,default)
Hibernate: insert into question (author_id,content,create_date,subject,id) values (?,?,?,?,default)
Hibernate: insert into question (author_id,content,create_date,subject,id) values (?,?,?,?,default)
Hibernate: insert into question (author_id,content,create_date,subject,id) values (?,?,?,?,default)
Hibernate: insert into question (author_id,content,create_date,subject,id) values (?,?,?,?,default)
Hibernate: insert into question (author_id,content,create_date,subject,id) values (?,?,?,?,default)
Hibernate: insert into question (author_id,content,create_date,subject,id) values (?,?,?,?,default)
Hibernate: insert into question (author_id,content,create_date,subject,id) values (?,?,?,?,default)
Hibernate: insert into question (author_id,content,create_date,subject,id) values (?,?,?,?,default)
Hibernate: insert into question (author_id,content,create_date,subject,id) values (?,?,?,?,default)
Hibernate: insert into question (author_id,content,create_date,subject,id) values (?,?,?,?,default)
Hibernate: insert into question (author_id,content,create_date,subject,id) values (?,?,?,?,default)
Hibernate: insert into question (author_id,content,create_date,subject,id) values (?,?,?,?,default)
Hibernate: insert into question (author_id,content,create_date,subject,id) values (?,?,?,?,default)
Hibernate: insert into question (author_id,content,create_date,subject,id) values (?,?,?,?,default)
Hibernate: insert into question (author_id,content,create_date,subject,id) values (?,?,?,?,default)
Hibernate: insert into question (author_id,content,create_date,subject,id) values (?,?,?,?,default)
Hibernate: insert into question (author_id,content,create_date,subject,id) values (?,?,?,?,default)
Hibernate: insert into question (author_id,content,create_date,subject,id) values (?,?,?,?,default)
Hibernate: insert into question (author_id,content,create_date,subject,id) values (?,?,?,?,default)
Hibernate: insert into question (author_id,content,create_date,subject,id) values (?,?,?,?,default)
Hibernate: insert into question (author_id,content,create_date,subject,id) values (?,?,?,?,default)
Hibernate: insert into question (author_id,content,create_date,subject,id) values (?,?,?,?,default)
Hibernate: insert into question (author_id,content,create_date,subject,id) values (?,?,?,?,default)
Hibernate: insert into question (author_id,content,create_date,subject,id) values (?,?,?,?,default)
Hibernate: insert into question (author_id,content,create_date,subject,id) values (?,?,?,?,default)
Hibernate: insert into question (author_id,content,create_date,subject,id) values (?,?,?,?,default)
Hibernate: insert into question (author_id,content,create_date,subject,id) values (?,?,?,?,default)
Hibernate: insert into question (author_id,content,create_date,subject,id) values (?,?,?,?,default)
Hibernate: insert into question (author_id,content,create_date,subject,id) values (?,?,?,?,default)
Hibernate: insert into question (author_id,content,create_date,subject,id) values (?,?,?,?,default)
Hibernate: insert into question (author_id,content,create_date,subject,id) values (?,?,?,?,default)
Hibernate: insert into question (author_id,content,create_date,subject,id) values (?,?,?,?,default)
Hibernate: insert into question (author_id,content,create_date,subject,id) values (?,?,?,?,default)
Hibernate: insert into question (author_id,content,create_date,subject,id) values (?,?,?,?,default)
Hibernate: insert into question (author_id,content,create_date,subject,id) values (?,?,?,?,default)
Hibernate: insert into question (author_id,content,create_date,subject,id) values (?,?,?,?,default)
Hibernate: insert into question (author_id,content,create_date,subject,id) values (?,?,?,?,default)
Hibernate: insert into question (author_id,content,create_date,subject,id) values (?,?,?,?,default)
Hibernate: insert into question (author_id,content,create_date,subject,id) values (?,?,?,?,default)
Hibernate: insert into question (author_id,content,create_date,subject,id) values (?,?,?,?,default)
Hibernate: insert into question (author_id,content,create_date,subject,id) values (?,?,?,?,default)
Hibernate: insert into question (author_id,content,create_date,subject,id) values (?,?,?,?,default)
Hibernate: insert into question (author_id,content,create_date,subject,id) values (?,?,?,?,default)
Hibernate: insert into question (author_id,content,create_date,subject,id) values (?,?,?,?,default)
Hibernate: insert into question (author_id,content,create_date,subject,id) values (?,?,?,?,default)
Hibernate: insert into question (author_id,content,create_date,subject,id) values (?,?,?,?,default)
Hibernate: insert into question (author_id,content,create_date,subject,id) values (?,?,?,?,default)
Hibernate: insert into question (author_id,content,create_date,subject,id) values (?,?,?,?,default)
Hibernate: insert into question (author_id,content,create_date,subject,id) values (?,?,?,?,default)
Hibernate: insert into question (author_id,content,create_date,subject,id) values (?,?,?,?,default)
Hibernate: insert into question (author_id,content,create_date,subject,id) values (?,?,?,?,default)
Hibernate: insert into question (author_id,content,create_date,subject,id) values (?,?,?,?,default)
Hibernate: insert into question (author_id,content,create_date,subject,id) values (?,?,?,?,default)
Hibernate: insert into question (author_id,content,create_date,subject,id) values (?,?,?,?,default)
Hibernate: insert into question (author_id,content,create_date,subject,id) values (?,?,?,?,default)
Hibernate: insert into question (author_id,content,create_date,subject,id) values (?,?,?,?,default)
Hibernate: insert into question (author_id,content,create_date,subject,id) values (?,?,?,?,default)
Hibernate: insert into question (author_id,content,create_date,subject,id) values (?,?,?,?,default)
Hibernate: insert into question (author_id,content,create_date,subject,id) values (?,?,?,?,default)
Hibernate: insert into question (author_id,content,create_date,subject,id) values (?,?,?,?,default)
Hibernate: insert into question (author_id,content,create_date,subject,id) values (?,?,?,?,default)
Hibernate: insert into question (author_id,content,create_date,subject,id) values (?,?,?,?,default)
Hibernate: insert into question (author_id,content,create_date,subject,id) values (?,?,?,?,default)
Hibernate: insert into question (author_id,content,create_date,subject,id) values (?,?,?,?,default)
Hibernate: insert into question (author_id,content,create_date,subject,id) values (?,?,?,?,default)
Hibernate: insert into question (author_id,content,create_date,subject,id) values (?,?,?,?,default)
Hibernate: insert into question (author_id,content,create_date,subject,id) values (?,?,?,?,default)
Hibernate: insert into question (author_id,content,create_date,subject,id) values (?,?,?,?,default)
Hibernate: insert into question (author_id,content,create_date,subject,id) values (?,?,?,?,default)
Hibernate: insert into question (author_id,content,create_date,subject,id) values (?,?,?,?,default)
Hibernate: insert into question (author_id,content,create_date,subject,id) values (?,?,?,?,default)
Hibernate: insert into question (author_id,content,create_date,subject,id) values (?,?,?,?,default)
Hibernate: insert into question (author_id,content,create_date,subject,id) values (?,?,?,?,default)
Hibernate: insert into question (author_id,content,create_date,subject,id) values (?,?,?,?,default)
Hibernate: insert into question (author_id,content,create_date,subject,id) values (?,?,?,?,default)
Hibernate: insert into question (author_id,content,create_date,subject,id) values (?,?,?,?,default)
Hibernate: insert into question (author_id,content,create_date,subject,id) values (?,?,?,?,default)
Hibernate: insert into question (author_id,content,create_date,subject,id) values (?,?,?,?,default)
Hibernate: insert into question (author_id,content,create_date,subject,id) values (?,?,?,?,default)
Hibernate: insert into question (author_id,content,create_date,subject,id) values (?,?,?,?,default)
Hibernate: insert into question (author_id,content,create_date,subject,id) values (?,?,?,?,default)
Hibernate: insert into question (author_id,content,create_date,subject,id) values (?,?,?,?,default)
Hibernate: insert into question (author_id,content,create_date,subject,id) values (?,?,?,?,default)
Hibernate: insert into question (author_id,content,create_date,subject,id) values (?,?,?,?,default)
Hibernate: insert into question (author_id,content,create_date,subject,id) values (?,?,?,?,default)
Hibernate: insert into question (author_id,content,create_date,subject,id) values (?,?,?,?,default)
Hibernate: insert into question (author_id,content,create_date,subject,id) values (?,?,?,?,default)
Hibernate: insert into question (author_id,content,create_date,subject,id) values (?,?,?,?,default)
Hibernate: insert into question (author_id,content,create_date,subject,id) values (?,?,?,?,default)
Hibernate: insert into question (author_id,content,create_date,subject,id) values (?,?,?,?,default)
Hibernate: insert into question (author_id,content,create_date,subject,id) values (?,?,?,?,default)
Hibernate: insert into question (author_id,content,create_date,subject,id) values (?,?,?,?,default)
Hibernate: insert into question (author_id,content,create_date,subject,id) values (?,?,?,?,default)
Hibernate: insert into question (author_id,content,create_date,subject,id) values (?,?,?,?,default)
Hibernate: insert into question (author_id,content,create_date,subject,id) values (?,?,?,?,default)
Hibernate: insert into question (author_id,content,create_date,subject,id) values (?,?,?,?,default)
Hibernate: insert into question (author_id,content,create_date,subject,id) values (?,?,?,?,default)
Hibernate: insert into question (author_id,content,create_date,subject,id) values (?,?,?,?,default)
Hibernate: insert into question (author_id,content,create_date,subject,id) values (?,?,?,?,default)
Hibernate: insert into question (author_id,content,create_date,subject,id) values (?,?,?,?,default)
Hibernate: insert into question (author_id,content,create_date,subject,id) values (?,?,?,?,default)
Hibernate: insert into question (author_id,content,create_date,subject,id) values (?,?,?,?,default)
Hibernate: insert into question (author_id,content,create_date,subject,id) values (?,?,?,?,default)
Hibernate: insert into question (author_id,content,create_date,subject,id) values (?,?,?,?,default)
Hibernate: insert into question (author_id,content,create_date,subject,id) values (?,?,?,?,default)
Hibernate: insert into question (author_id,content,create_date,subject,id) values (?,?,?,?,default)
Hibernate: insert into question (author_id,content,create_date,subject,id) values (?,?,?,?,default)
Hibernate: insert into question (author_id,content,create_date,subject,id) values (?,?,?,?,default)
Hibernate: insert into question (author_id,content,create_date,subject,id) values (?,?,?,?,default)
Hibernate: insert into question (author_id,content,create_date,subject,id) values (?,?,?,?,default)
Hibernate: insert into question (author_id,content,create_date,subject,id) values (?,?,?,?,default)
Hibernate: insert into question (author_id,content,create_date,subject,id) values (?,?,?,?,default)
Hibernate: insert into question (author_id,content,create_date,subject,id) values (?,?,?,?,default)
Hibernate: insert into question (author_id,content,create_date,subject,id) values (?,?,?,?,default)
Hibernate: insert into question (author_id,content,create_date,subject,id) values (?,?,?,?,default)
Hibernate: insert into question (author_id,content,create_date,subject,id) values (?,?,?,?,default)
Hibernate: insert into question (author_id,content,create_date,subject,id) values (?,?,?,?,default)
Hibernate: insert into question (author_id,content,create_date,subject,id) values (?,?,?,?,default)
Hibernate: insert into question (author_id,content,create_date,subject,id) values (?,?,?,?,default)
Hibernate: insert into question (author_id,content,create_date,subject,id) values (?,?,?,?,default)
Hibernate: insert into question (author_id,content,create_date,subject,id) values (?,?,?,?,default)
Hibernate: insert into question (author_id,content,create_date,subject,id) values (?,?,?,?,default)
Hibernate: insert into question (author_id,content,create_date,subject,id) values (?,?,?,?,default)
Hibernate: insert into question (author_id,content,create_date,subject,id) values (?,?,?,?,default)
Hibernate: insert into question (author_id,content,create_date,subject,id) values (?,?,?,?,default)
Hibernate: insert into question (author_id,content,create_date,subject,id) values (?,?,?,?,default)
Hibernate: insert into question (author_id,content,create_date,subject,id) values (?,?,?,?,default)
Hibernate: insert into question (author_id,content,create_date,subject,id) values (?,?,?,?,default)
Hibernate: insert into question (author_id,content,create_date,subject,id) values (?,?,?,?,default)
Hibernate: insert into question (author_id,content,create_date,subject,id) values (?,?,?,?,default)
Hibernate: insert into question (author_id,content,create_date,subject,id) values (?,?,?,?,default)
Hibernate: insert into question (author_id,content,create_date,subject,id) values (?,?,?,?,default)
Hibernate: insert into question (author_id,content,create_date,subject,id) values (?,?,?,?,default)
Hibernate: insert into question (author_id,content,create_date,subject,id) values (?,?,?,?,default)
Hibernate: insert into question (author_id,content,create_date,subject,id) values (?,?,?,?,default)
Hibernate: insert into question (author_id,content,create_date,subject,id) values (?,?,?,?,default)
Hibernate: insert into question (author_id,content,create_date,subject,id) values (?,?,?,?,default)
Hibernate: insert into question (author_id,content,create_date,subject,id) values (?,?,?,?,default)
Hibernate: insert into question (author_id,content,create_date,subject,id) values (?,?,?,?,default)
Hibernate: insert into question (author_id,content,create_date,subject,id) values (?,?,?,?,default)
Hibernate: insert into question (author_id,content,create_date,subject,id) values (?,?,?,?,default)
Hibernate: insert into question (author_id,content,create_date,subject,id) values (?,?,?,?,default)
Hibernate: insert into question (author_id,content,create_date,subject,id) values (?,?,?,?,default)
Hibernate: insert into question (author_id,content,create_date,subject,id) values (?,?,?,?,default)
Hibernate: insert into question (author_id,content,create_date,subject,id) values (?,?,?,?,default)
Hibernate: insert into question (author_id,content,create_date,subject,id) values (?,?,?,?,default)
Hibernate: insert into question (author_id,content,create_date,subject,id) values (?,?,?,?,default)
Hibernate: insert into question (author_id,content,create_date,subject,id) values (?,?,?,?,default)
Hibernate: insert into question (author_id,content,create_date,subject,id) values (?,?,?,?,default)
Hibernate: insert into question (author_id,content,create_date,subject,id) values (?,?,?,?,default)
Hibernate: insert into question (author_id,content,create_date,subject,id) values (?,?,?,?,default)
Hibernate: insert into question (author_id,content,create_date,subject,id) values (?,?,?,?,default)
Hibernate: insert into question (author_id,content,create_date,subject,id) values (?,?,?,?,default)
Hibernate: insert into question (author_id,content,create_date,subject,id) values (?,?,?,?,default)
Hibernate: insert into question (author_id,content,create_date,subject,id) values (?,?,?,?,default)
Hibernate: insert into question (author_id,content,create_date,subject,id) values (?,?,?,?,default)
Hibernate: insert into question (author_id,content,create_date,subject,id) values (?,?,?,?,default)
Hibernate: insert into question (author_id,content,create_date,subject,id) values (?,?,?,?,default)
Hibernate: insert into question (author_id,content,create_date,subject,id) values (?,?,?,?,default)
Hibernate: insert into question (author_id,content,create_date,subject,id) values (?,?,?,?,default)
Hibernate: insert into question (author_id,content,create_date,subject,id) values (?,?,?,?,default)
Hibernate: insert into question (author_id,content,create_date,subject,id) values (?,?,?,?,default)
Hibernate: insert into question (author_id,content,create_date,subject,id) values (?,?,?,?,default)
Hibernate: insert into question (author_id,content,create_date,subject,id) values (?,?,?,?,default)
Hibernate: insert into question (author_id,content,create_date,subject,id) values (?,?,?,?,default)
Hibernate: insert into question (author_id,content,create_date,subject,id) values (?,?,?,?,default)
Hibernate: insert into question (author_id,content,create_date,subject,id) values (?,?,?,?,default)
Hibernate: insert into question (author_id,content,create_date,subject,id) values (?,?,?,?,default)
Hibernate: insert into question (author_id,content,create_date,subject,id) values (?,?,?,?,default)
Hibernate: insert into question (author_id,content,create_date,subject,id) values (?,?,?,?,default)
Hibernate: insert into question (author_id,content,create_date,subject,id) values (?,?,?,?,default)
Hibernate: insert into question (author_id,content,create_date,subject,id) values (?,?,?,?,default)
Hibernate: insert into question (author_id,content,create_date,subject,id) values (?,?,?,?,default)
Hibernate: insert into question (author_id,content,create_date,subject,id) values (?,?,?,?,default)
Hibernate: insert into question (author_id,content,create_date,subject,id) values (?,?,?,?,default)
Hibernate: insert into question (author_id,content,create_date,subject,id) values (?,?,?,?,default)
Hibernate: insert into question (author_id,content,create_date,subject,id) values (?,?,?,?,default)
Hibernate: insert into question (author_id,content,create_date,subject,id) values (?,?,?,?,default)
Hibernate: insert into question (author_id,content,create_date,subject,id) values (?,?,?,?,default)
Hibernate: insert into question (author_id,content,create_date,subject,id) values (?,?,?,?,default)
Hibernate: insert into question (author_id,content,create_date,subject,id) values (?,?,?,?,default)
Hibernate: insert into question (author_id,content,create_date,subject,id) values (?,?,?,?,default)
Hibernate: insert into question (author_id,content,create_date,subject,id) values (?,?,?,?,default)
Hibernate: insert into question (author_id,content,create_date,subject,id) values (?,?,?,?,default)
Hibernate: insert into question (author_id,content,create_date,subject,id) values (?,?,?,?,default)
Hibernate: insert into question (author_id,content,create_date,subject,id) values (?,?,?,?,default)
Hibernate: insert into question (author_id,content,create_date,subject,id) values (?,?,?,?,default)
Hibernate: insert into question (author_id,content,create_date,subject,id) values (?,?,?,?,default)
Hibernate: insert into question (author_id,content,create_date,subject,id) values (?,?,?,?,default)
Hibernate: insert into question (author_id,content,create_date,subject,id) values (?,?,?,?,default)
Hibernate: insert into question (author_id,content,create_date,subject,id) values (?,?,?,?,default)
Hibernate: insert into question (author_id,content,create_date,subject,id) values (?,?,?,?,default)
Hibernate: insert into question (author_id,content,create_date,subject,id) values (?,?,?,?,default)
Hibernate: insert into question (author_id,content,create_date,subject,id) values (?,?,?,?,default)
Hibernate: insert into question (author_id,content,create_date,subject,id) values (?,?,?,?,default)
Hibernate: insert into question (author_id,content,create_date,subject,id) values (?,?,?,?,default)
Hibernate: insert into question (author_id,content,create_date,subject,id) values (?,?,?,?,default)
Hibernate: insert into question (author_id,content,create_date,subject,id) values (?,?,?,?,default)
Hibernate: insert into question (author_id,content,create_date,subject,id) values (?,?,?,?,default)
Hibernate: insert into question (author_id,content,create_date,subject,id) values (?,?,?,?,default)
Hibernate: insert into question (author_id,content,create_date,subject,id) values (?,?,?,?,default)
Hibernate: insert into question (author_id,content,create_date,subject,id) values (?,?,?,?,default)
Hibernate: insert into question (author_id,content,create_date,subject,id) values (?,?,?,?,default)
Hibernate: insert into question (author_id,content,create_date,subject,id) values (?,?,?,?,default)
Hibernate: insert into question (author_id,content,create_date,subject,id) values (?,?,?,?,default)
Hibernate: insert into question (author_id,content,create_date,subject,id) values (?,?,?,?,default)
Hibernate: insert into question (author_id,content,create_date,subject,id) values (?,?,?,?,default)
Hibernate: insert into question (author_id,content,create_date,subject,id) values (?,?,?,?,default)
Hibernate: insert into question (author_id,content,create_date,subject,id) values (?,?,?,?,default)
Hibernate: insert into question (author_id,content,create_date,subject,id) values (?,?,?,?,default)
Hibernate: insert into question (author_id,content,create_date,subject,id) values (?,?,?,?,default)
Hibernate: insert into question (author_id,content,create_date,subject,id) values (?,?,?,?,default)
Hibernate: insert into question (author_id,content,create_date,subject,id) values (?,?,?,?,default)
Hibernate: insert into question (author_id,content,create_date,subject,id) values (?,?,?,?,default)
Hibernate: insert into question (author_id,content,create_date,subject,id) values (?,?,?,?,default)
Hibernate: insert into question (author_id,content,create_date,subject,id) values (?,?,?,?,default)
Hibernate: insert into question (author_id,content,create_date,subject,id) values (?,?,?,?,default)
Hibernate: insert into question (author_id,content,create_date,subject,id) values (?,?,?,?,default)
Hibernate: insert into question (author_id,content,create_date,subject,id) values (?,?,?,?,default)
Hibernate: insert into question (author_id,content,create_date,subject,id) values (?,?,?,?,default)
Hibernate: insert into question (author_id,content,create_date,subject,id) values (?,?,?,?,default)
Hibernate: insert into question (author_id,content,create_date,subject,id) values (?,?,?,?,default)
Hibernate: insert into question (author_id,content,create_date,subject,id) values (?,?,?,?,default)
Hibernate: insert into question (author_id,content,create_date,subject,id) values (?,?,?,?,default)
Hibernate: insert into question (author_id,content,create_date,subject,id) values (?,?,?,?,default)
Hibernate: insert into question (author_id,content,create_date,subject,id) values (?,?,?,?,default)
Hibernate: insert into question (author_id,content,create_date,subject,id) values (?,?,?,?,default)
Hibernate: insert into question (author_id,content,create_date,subject,id) values (?,?,?,?,default)
Hibernate: insert into question (author_id,content,create_date,subject,id) values (?,?,?,?,default)
Hibernate: insert into question (author_id,content,create_date,subject,id) values (?,?,?,?,default)
Hibernate: insert into question (author_id,content,create_date,subject,id) values (?,?,?,?,default)
Hibernate: insert into question (author_id,content,create_date,subject,id) values (?,?,?,?,default)
Hibernate: insert into question (author_id,content,create_date,subject,id) values (?,?,?,?,default)
Hibernate: insert into question (author_id,content,create_date,subject,id) values (?,?,?,?,default)
Hibernate: insert into question (author_id,content,create_date,subject,id) values (?,?,?,?,default)
Hibernate: insert into question (author_id,content,create_date,subject,id) values (?,?,?,?,default)
Hibernate: insert into question (author_id,content,create_date,subject,id) values (?,?,?,?,default)
Hibernate: insert into question (author_id,content,create_date,subject,id) values (?,?,?,?,default)
Hibernate: insert into question (author_id,content,create_date,subject,id) values (?,?,?,?,default)
Hibernate: insert into question (author_id,content,create_date,subject,id) values (?,?,?,?,default)
Hibernate: insert into question (author_id,content,create_date,subject,id) values (?,?,?,?,default)
Hibernate: insert into question (author_id,content,create_date,subject,id) values (?,?,?,?,default)
Hibernate: insert into question (author_id,content,create_date,subject,id) values (?,?,?,?,default)
Hibernate: insert into question (author_id,content,create_date,subject,id) values (?,?,?,?,default)
Hibernate: insert into question (author_id,content,create_date,subject,id) values (?,?,?,?,default)
Hibernate: insert into question (author_id,content,create_date,subject,id) values (?,?,?,?,default)
Hibernate: insert into question (author_id,content,create_date,subject,id) values (?,?,?,?,default)
Hibernate: insert into question (author_id,content,create_date,subject,id) values (?,?,?,?,default)
Hibernate: insert into question (author_id,content,create_date,subject,id) values (?,?,?,?,default)
Hibernate: insert into question (author_id,content,create_date,subject,id) values (?,?,?,?,default)
Hibernate: insert into question (author_id,content,create_date,subject,id) values (?,?,?,?,default)
Hibernate: insert into question (author_id,content,create_date,subject,id) values (?,?,?,?,default)
Hibernate: insert into question (author_id,content,create_date,subject,id) values (?,?,?,?,default)
Hibernate: insert into question (author_id,content,create_date,subject,id) values (?,?,?,?,default)
Hibernate: insert into question (author_id,content,create_date,subject,id) values (?,?,?,?,default)
Hibernate: insert into question (author_id,content,create_date,subject,id) values (?,?,?,?,default)
Hibernate: insert into question (author_id,content,create_date,subject,id) values (?,?,?,?,default)
Hibernate: insert into question (author_id,content,create_date,subject,id) values (?,?,?,?,default)
Hibernate: insert into question (author_id,content,create_date,subject,id) values (?,?,?,?,default)
Hibernate: insert into question (author_id,content,create_date,subject,id) values (?,?,?,?,default)
Hibernate: insert into question (author_id,content,create_date,subject,id) values (?,?,?,?,default)
Hibernate: insert into question (author_id,content,create_date,subject,id) values (?,?,?,?,default)
Hibernate: insert into question (author_id,content,create_date,subject,id) values (?,?,?,?,default)
Hibernate: insert into question (author_id,content,create_date,subject,id) values (?,?,?,?,default)
Hibernate: insert into question (author_id,content,create_date,subject,id) values (?,?,?,?,default)
Hibernate: insert into question (author_id,content,create_date,subject,id) values (?,?,?,?,default)
]]></system-out>
  <system-err><![CDATA[]]></system-err>
</testsuite>
